<?xml version="1.0" encoding="UTF-8"?>
<!-- Generated by org.testng.reporters.JUnitXMLReporter -->
<testsuite ignored="0" hostname="DESKTOP-C1TU1OE" failures="0" tests="3" name="Default test" time="0.074" errors="0" timestamp="2023-06-06T16:22:05 IST">
  <testcase classname="parametrizationTests.SingleTestSingleDataProvider1" name="loginTest" time="0.007"/>
  <testcase classname="parametrizationTests.SingleTestSingleDataProvider1" name="loginTest" time="0.002"/>
  <testcase classname="parametrizationTests.SingleTestSingleDataProvider1" name="loginTest" time="0.001"/>
</testsuite> <!-- Default test -->
