<?xml version="1.0" encoding="UTF-8"?>
<!-- Generated by org.testng.reporters.JUnitXMLReporter -->
<testsuite ignored="2" hostname="DESKTOP-C1TU1OE" failures="0" tests="2" name="grouping reg Test" time="0.011" errors="0" timestamp="2023-06-02T16:46:50 IST">
  <testcase classname="groupingTests.GroupTest1" name="loginTest" time="0.002"/>
  <testcase classname="groupingTests.GroupTest1" name="regTest" time="0.002"/>
  <testcase classname="groupingTests.GroupTest1" name="bookingTest" time="0.0">
    <ignored/>
  </testcase> <!-- bookingTest -->
  <testcase classname="groupingTests.GroupTest1" name="cancelTest" time="0.0">
    <ignored/>
  </testcase> <!-- cancelTest -->
</testsuite> <!-- grouping reg Test -->
