<?xml version="1.0" encoding="UTF-8"?>
<!-- Generated by org.testng.reporters.JUnitXMLReporter -->
<testsuite ignored="0" hostname="DESKTOP-C1TU1OE" failures="1" tests="1" name="Test" time="0.069" errors="0" timestamp="2023-06-06T19:37:56 IST">
  <testcase classname="listenersTest.ListenerExampleTest" name="LoginTest" time="0.01">
    <failure type="java.lang.ArithmeticException" message="/ by zero">
      <![CDATA[java.lang.ArithmeticException: / by zero
at listenersTest.ListenerExampleTest.LoginTest(ListenerExampleTest.java:9)
at java.base/java.util.ArrayList.forEach(ArrayList.java:1511)
... Removed 27 stack frames]]>
    </failure>
  </testcase> <!-- LoginTest -->
</testsuite> <!-- Test -->
